main.py gestartet
Endpoints other than open requested but private key and certificate are not set.
Listening on 0.0.0.0:4842
main.py gestartet
Endpoints other than open requested but private key and certificate are not set.
Listening on 0.0.0.0:4842
Starten des OPC-Monitoring Servers erfolgreich
Verbindung zum OPC Server nicht möglich! 1er Versuch!
Verbindung zum OPC Server nicht möglich! 2er Versuch!
Verbindung zum OPC Server nicht möglich! 3er Versuch!
Verbindung zum OPC Server nicht möglich! 4er Versuch!
Verbindung zum OPC Server nicht möglich! 5er Versuch!
Abbruch nach 5 Versuchen!
Regler gestoppt durch Client
Client: False	Server: False	Regler: True
cannot join thread before it is started
'NoneType' object has no attribute 'socket'
Client: False	Server: False	Regler: False
cannot join thread before it is started
'NoneType' object has no attribute 'socket'
main.py gestartet
Endpoints other than open requested but private key and certificate are not set.
Listening on 0.0.0.0:4842
Starten des OPC-Monitoring Servers erfolgreich
Verbindung zum OPC Server nicht möglich! 1er Versuch!
Verbindung zum OPC Server nicht möglich! 2er Versuch!
Verbindung zum OPC Server nicht möglich! 3er Versuch!
Verbindung zum OPC Server nicht möglich! 4er Versuch!
Verbindung zum OPC Server nicht möglich! 5er Versuch!
Abbruch nach 5 Versuchen!
Regler gestoppt durch Client
Client: False	Server: False	Regler: True
cannot join thread before it is started
'NoneType' object has no attribute 'socket'
Client: False	Server: False	Regler: False
cannot join thread before it is started
'NoneType' object has no attribute 'socket'
main.py gestartet
Endpoints other than open requested but private key and certificate are not set.
Listening on 0.0.0.0:4842
Starten des OPC-Monitoring Servers erfolgreich
Verbindung zum OPC Server nicht möglich! 1er Versuch!
Verbindung zum OPC Server nicht möglich! 2er Versuch!
Verbindung zum OPC Server nicht möglich! 3er Versuch!
Verbindung zum OPC Server nicht möglich! 4er Versuch!
Verbindung zum OPC Server nicht möglich! 5er Versuch!
Abbruch nach 5 Versuchen!
Regler gestoppt durch Client
Client: False	Server: False	Regler: True
cannot join thread before it is started
'NoneType' object has no attribute 'socket'
Client: False	Server: False	Regler: False
cannot join thread before it is started
'NoneType' object has no attribute 'socket'
main.py gestartet
Endpoints other than open requested but private key and certificate are not set.
Listening on 0.0.0.0:4842
Starten des OPC-Monitoring Servers erfolgreich
Verbindung zum OPC Server nicht möglich! 1er Versuch!
Verbindung zum OPC Server nicht möglich! 2er Versuch!
Verbindung zum OPC Server nicht möglich! 3er Versuch!
Verbindung zum OPC Server nicht möglich! 4er Versuch!
Verbindung zum OPC Server nicht möglich! 5er Versuch!
Abbruch nach 5 Versuchen!
Regler gestoppt durch Client
Client: False	Server: False	Regler: True
cannot join thread before it is started
'NoneType' object has no attribute 'socket'
Client: False	Server: False	Regler: False
cannot join thread before it is started
'NoneType' object has no attribute 'socket'
main.py gestartet
Endpoints other than open requested but private key and certificate are not set.
Listening on 0.0.0.0:4842
Starten des OPC-Monitoring Servers erfolgreich
Verbindung zum OPC Server nicht möglich! 1er Versuch!
Verbindung zum OPC Server nicht möglich! 2er Versuch!
Verbindung zum OPC Server nicht möglich! 3er Versuch!
Verbindung zum OPC Server nicht möglich! 4er Versuch!
Verbindung zum OPC Server nicht möglich! 5er Versuch!
Abbruch nach 5 Versuchen!
Regler gestoppt durch Client
Client: False	Server: False	Regler: True
cannot join thread before it is started
'NoneType' object has no attribute 'socket'
Client: False	Server: False	Regler: False
cannot join thread before it is started
'NoneType' object has no attribute 'socket'
main.py gestartet
Endpoints other than open requested but private key and certificate are not set.
Listening on 0.0.0.0:4842
Starten des OPC-Monitoring Servers erfolgreich
Verbindung zum OPC Server nicht möglich! 1er Versuch!
Verbindung zum OPC Server nicht möglich! 2er Versuch!
Verbindung zum OPC Server nicht möglich! 3er Versuch!
Verbindung zum OPC Server nicht möglich! 4er Versuch!
Verbindung zum OPC Server nicht möglich! 5er Versuch!
Abbruch nach 5 Versuchen!
Regler gestoppt durch Client
Client: False	Server: False	Regler: True
cannot join thread before it is started
'NoneType' object has no attribute 'socket'
Client: False	Server: False	Regler: False
cannot join thread before it is started
'NoneType' object has no attribute 'socket'
main.py gestartet
Endpoints other than open requested but private key and certificate are not set.
Listening on 0.0.0.0:4842
Starten des OPC-Monitoring Servers erfolgreich
Verbindung zum OPC Server nicht möglich! 1er Versuch!
Verbindung zum OPC Server nicht möglich! 2er Versuch!
Verbindung zum OPC Server nicht möglich! 3er Versuch!
Verbindung zum OPC Server nicht möglich! 4er Versuch!
Verbindung zum OPC Server nicht möglich! 5er Versuch!
Abbruch nach 5 Versuchen!
Regler gestoppt durch Client
Client: False	Server: False	Regler: True
cannot join thread before it is started
'NoneType' object has no attribute 'socket'
Client: False	Server: False	Regler: False
cannot join thread before it is started
'NoneType' object has no attribute 'socket'
main.py gestartet
Endpoints other than open requested but private key and certificate are not set.
Listening on 0.0.0.0:4842
Starten des OPC-Monitoring Servers erfolgreich
Verbindung zum OPC Server nicht möglich! 1er Versuch!
Verbindung zum OPC Server nicht möglich! 2er Versuch!
Verbindung zum OPC Server nicht möglich! 3er Versuch!
Verbindung zum OPC Server nicht möglich! 4er Versuch!
Verbindung zum OPC Server nicht möglich! 5er Versuch!
Abbruch nach 5 Versuchen!
Regler gestoppt durch Client
Client: False	Server: False	Regler: True
cannot join thread before it is started
'NoneType' object has no attribute 'socket'
Client: False	Server: False	Regler: False
cannot join thread before it is started
'NoneType' object has no attribute 'socket'
main.py gestartet
Endpoints other than open requested but private key and certificate are not set.
Listening on 0.0.0.0:4842
Starten des OPC-Monitoring Servers erfolgreich
Verbindung zum OPC Server nicht möglich! 1er Versuch!
Verbindung zum OPC Server nicht möglich! 2er Versuch!
Verbindung zum OPC Server nicht möglich! 3er Versuch!
Verbindung zum OPC Server nicht möglich! 4er Versuch!
Verbindung zum OPC Server nicht möglich! 5er Versuch!
Abbruch nach 5 Versuchen!
Regler gestoppt durch Client
Client: False	Server: False	Regler: True
cannot join thread before it is started
'NoneType' object has no attribute 'socket'
Client: False	Server: False	Regler: False
cannot join thread before it is started
'NoneType' object has no attribute 'socket'
main.py gestartet
Endpoints other than open requested but private key and certificate are not set.
Listening on 0.0.0.0:4842
Starten des OPC-Monitoring Servers erfolgreich
Verbindung zum OPC Server nicht möglich! 1er Versuch!
Verbindung zum OPC Server nicht möglich! 2er Versuch!
Verbindung zum OPC Server nicht möglich! 3er Versuch!
Verbindung zum OPC Server nicht möglich! 4er Versuch!
Verbindung zum OPC Server nicht möglich! 5er Versuch!
Abbruch nach 5 Versuchen!
Regler gestoppt durch Client
Client: False	Server: False	Regler: True
cannot join thread before it is started
'NoneType' object has no attribute 'socket'
Client: False	Server: False	Regler: False
cannot join thread before it is started
'NoneType' object has no attribute 'socket'
main.py gestartet
Endpoints other than open requested but private key and certificate are not set.
Listening on 0.0.0.0:4842
Starten des OPC-Monitoring Servers erfolgreich
Verbindung zum OPC Server nicht möglich! 1er Versuch!
Verbindung zum OPC Server nicht möglich! 2er Versuch!
Verbindung zum OPC Server nicht möglich! 3er Versuch!
Verbindung zum OPC Server nicht möglich! 4er Versuch!
Verbindung zum OPC Server nicht möglich! 5er Versuch!
Abbruch nach 5 Versuchen!
Regler gestoppt durch Client
Client: False	Server: False	Regler: True
cannot join thread before it is started
'NoneType' object has no attribute 'socket'
Client: False	Server: False	Regler: False
cannot join thread before it is started
'NoneType' object has no attribute 'socket'
main.py gestartet
Endpoints other than open requested but private key and certificate are not set.
Listening on 0.0.0.0:4842
Starten des OPC-Monitoring Servers erfolgreich
Verbindung zum OPC Server nicht möglich! 1er Versuch!
Verbindung zum OPC Server nicht möglich! 2er Versuch!
Verbindung zum OPC Server nicht möglich! 3er Versuch!
Verbindung zum OPC Server nicht möglich! 4er Versuch!
Verbindung zum OPC Server nicht möglich! 5er Versuch!
Abbruch nach 5 Versuchen!
Regler gestoppt durch Client
Client: False	Server: False	Regler: True
cannot join thread before it is started
'NoneType' object has no attribute 'socket'
Client: False	Server: False	Regler: False
cannot join thread before it is started
'NoneType' object has no attribute 'socket'
main.py gestartet
Endpoints other than open requested but private key and certificate are not set.
Listening on 0.0.0.0:4842
Starten des OPC-Monitoring Servers erfolgreich
Verbindung zum OPC Server nicht möglich! 1er Versuch!
Verbindung zum OPC Server nicht möglich! 2er Versuch!
Verbindung zum OPC Server nicht möglich! 3er Versuch!
Verbindung zum OPC Server nicht möglich! 4er Versuch!
Verbindung zum OPC Server nicht möglich! 5er Versuch!
Abbruch nach 5 Versuchen!
Regler gestoppt durch Client
Client: False	Server: False	Regler: True
cannot join thread before it is started
'NoneType' object has no attribute 'socket'
Client: False	Server: False	Regler: False
cannot join thread before it is started
'NoneType' object has no attribute 'socket'
main.py gestartet
Endpoints other than open requested but private key and certificate are not set.
Listening on 0.0.0.0:4842
Starten des OPC-Monitoring Servers erfolgreich
Verbindung zum OPC Server nicht möglich! 1er Versuch!
Verbindung zum OPC Server nicht möglich! 2er Versuch!
Verbindung zum OPC Server nicht möglich! 3er Versuch!
Verbindung zum OPC Server nicht möglich! 4er Versuch!
Verbindung zum OPC Server nicht möglich! 5er Versuch!
Abbruch nach 5 Versuchen!
Regler gestoppt durch Client
Client: False	Server: False	Regler: True
cannot join thread before it is started
'NoneType' object has no attribute 'socket'
Client: False	Server: False	Regler: False
cannot join thread before it is started
'NoneType' object has no attribute 'socket'
main.py gestartet
Endpoints other than open requested but private key and certificate are not set.
Listening on 0.0.0.0:4842
Starten des OPC-Monitoring Servers erfolgreich
Verbindung zum OPC Server nicht möglich! 1er Versuch!
Verbindung zum OPC Server nicht möglich! 2er Versuch!
Verbindung zum OPC Server nicht möglich! 3er Versuch!
Verbindung zum OPC Server nicht möglich! 4er Versuch!
Verbindung zum OPC Server nicht möglich! 5er Versuch!
Abbruch nach 5 Versuchen!
Regler gestoppt durch Client
Client: False	Server: False	Regler: True
cannot join thread before it is started
'NoneType' object has no attribute 'socket'
Client: False	Server: False	Regler: False
cannot join thread before it is started
'NoneType' object has no attribute 'socket'
main.py gestartet
Endpoints other than open requested but private key and certificate are not set.
Listening on 0.0.0.0:4842
Starten des OPC-Monitoring Servers erfolgreich
Verbindung zum OPC Server nicht möglich! 1er Versuch!
Verbindung zum OPC Server nicht möglich! 2er Versuch!
Verbindung zum OPC Server nicht möglich! 3er Versuch!
Verbindung zum OPC Server nicht möglich! 4er Versuch!
Verbindung zum OPC Server nicht möglich! 5er Versuch!
Abbruch nach 5 Versuchen!
Regler gestoppt durch Client
Client: False	Server: False	Regler: True
cannot join thread before it is started
'NoneType' object has no attribute 'socket'
Client: False	Server: False	Regler: False
cannot join thread before it is started
'NoneType' object has no attribute 'socket'
main.py gestartet
Endpoints other than open requested but private key and certificate are not set.
Listening on 0.0.0.0:4842
Starten des OPC-Monitoring Servers erfolgreich
Verbindung zum OPC Server nicht möglich! 1er Versuch!
Verbindung zum OPC Server nicht möglich! 2er Versuch!
Verbindung zum OPC Server nicht möglich! 3er Versuch!
Verbindung zum OPC Server nicht möglich! 4er Versuch!
Verbindung zum OPC Server erfolgreich
subscribed to:  T_D40
subscribed to:  T_tank
subscribed to:  T_kuehl
subscribed to:  r_ist
subscribed to:  F
subscribed to:  TOELE
subscribed to:  s
subscribed to:  state
neue maximalzeit: 0.0278s Zeit: 00:11:21.950711
neue maximalzeit: 0.0282s Zeit: 00:11:22.050952
neue maximalzeit: 0.0289s Zeit: 00:11:22.255995
neue maximalzeit: 0.0290s Zeit: 00:11:22.356348
neue maximalzeit: 0.0323s Zeit: 00:11:27.463531
neue maximalzeit: 0.0346s Zeit: 00:11:32.677032
neue maximalzeit: 0.0404s Zeit: 00:12:43.187084
neue maximalzeit: 0.0418s Zeit: 00:13:00.412666
Versuchte get_node()   
neue maximalzeit: 0.0469s Zeit: 00:32:07.017413
Exception in thread Thread-5:
Traceback (most recent call last):
  File "/usr/lib/python3.9/threading.py", line 954, in _bootstrap_inner
    self.run()
  File "/home/mister/.local/lib/python3.9/site-packages/opcua/client/client.py", line 66, in run
    self.client.open_secure_channel(renew=True)
  File "/home/mister/.local/lib/python3.9/site-packages/opcua/client/client.py", line 335, in open_secure_channel
    result = self.uaclient.open_secure_channel(params)
  File "/home/mister/.local/lib/python3.9/site-packages/opcua/client/ua_client.py", line 275, in open_secure_channel
    return self._uasocket.open_secure_channel(params)
  File "/home/mister/.local/lib/python3.9/site-packages/opcua/client/ua_client.py", line 207, in open_secure_channel
    self._send_request(request, message_type=ua.MessageType.SecureOpen, callback=clb)
  File "/home/mister/.local/lib/python3.9/site-packages/opcua/client/ua_client.py", line 72, in _send_request
    self._socket.write(msg)
  File "/home/mister/.local/lib/python3.9/site-packages/opcua/common/utils.py", line 118, in write
    self.socket.sendall(data)
BrokenPipeError: [Errno 32] Broken pipe
main.py gestartet
Endpoints other than open requested but private key and certificate are not set.
Listening on 0.0.0.0:4842
main.py gestartet
Endpoints other than open requested but private key and certificate are not set.
Listening on 0.0.0.0:4842
Starten des OPC-Monitoring Servers erfolgreich
Verbindung zum OPC Server nicht möglich! 1er Versuch!
Verbindung zum OPC Server nicht möglich! 2er Versuch!
Verbindung zum OPC Server nicht möglich! 3er Versuch!
Verbindung zum OPC Server nicht möglich! 4er Versuch!
Verbindung zum OPC Server nicht möglich! 5er Versuch!
Abbruch nach 5 Versuchen!
Regler gestoppt durch Client
Client: False	Server: False	Regler: True
cannot join thread before it is started
'NoneType' object has no attribute 'socket'
Client: False	Server: False	Regler: False
cannot join thread before it is started
'NoneType' object has no attribute 'socket'
main.py gestartet
Endpoints other than open requested but private key and certificate are not set.
Listening on 0.0.0.0:4842
main.py gestartet
Endpoints other than open requested but private key and certificate are not set.
Listening on 0.0.0.0:4842
main.py gestartet
Endpoints other than open requested but private key and certificate are not set.
Listening on 0.0.0.0:4842
Starten des OPC-Monitoring Servers erfolgreich
Verbindung zum OPC Server erfolgreich
subscribed to:  T_D40
subscribed to:  T_tank
subscribed to:  T_kuehl
subscribed to:  r_ist
subscribed to:  F
subscribed to:  TOELE
subscribed to:  s
subscribed to:  state
neue maximalzeit: 0.0341s Zeit: 12:27:56.860647
neue maximalzeit: 0.0377s Zeit: 12:27:57.127908
neue maximalzeit: 0.0469s Zeit: 12:27:58.400635
neue maximalzeit: 0.0539s Zeit: 12:28:00.929835
neue maximalzeit: 0.0628s Zeit: 12:28:15.301167
neue maximalzeit: 0.0646s Zeit: 12:28:16.040131
neue maximalzeit: 0.0692s Zeit: 12:28:19.679181
neue maximalzeit: 0.0730s Zeit: 14:57:01.567738
Versuchte get_node()   
Exception in thread Thread-5:
Traceback (most recent call last):
  File "/usr/lib/python3.9/threading.py", line 954, in _bootstrap_inner
    self.run()
  File "/home/mister/.local/lib/python3.9/site-packages/opcua/client/client.py", line 66, in run
    self.client.open_secure_channel(renew=True)
  File "/home/mister/.local/lib/python3.9/site-packages/opcua/client/client.py", line 335, in open_secure_channel
    result = self.uaclient.open_secure_channel(params)
  File "/home/mister/.local/lib/python3.9/site-packages/opcua/client/ua_client.py", line 275, in open_secure_channel
    return self._uasocket.open_secure_channel(params)
  File "/home/mister/.local/lib/python3.9/site-packages/opcua/client/ua_client.py", line 207, in open_secure_channel
    self._send_request(request, message_type=ua.MessageType.SecureOpen, callback=clb)
  File "/home/mister/.local/lib/python3.9/site-packages/opcua/client/ua_client.py", line 72, in _send_request
    self._socket.write(msg)
  File "/home/mister/.local/lib/python3.9/site-packages/opcua/common/utils.py", line 118, in write
    self.socket.sendall(data)
BrokenPipeError: [Errno 32] Broken pipe
